2026-05-20 09:13:53,717 - INFO - 🚀 Robô Aviator iniciado...
2026-05-20 09:13:53,726 - INFO - 📂 Histórico: 200 entradas
2026-05-20 09:13:53,726 - INFO - ⏳ A captar lista inicial...
2026-05-20 09:13:55,353 - INFO - ✅ Sync: último round visível = 3.67x
2026-05-20 09:13:55,353 - INFO -    A aguardar próximo round terminar...
2026-05-20 09:13:59,164 - INFO - 📈 Round acabou: 1.00x — janela de aposta aberta!
2026-05-20 09:13:59,181 - INFO - 🧠 A apostar | cashout 1.20x | 0.0s na decisão
2026-05-20 09:14:12,281 - INFO - 💰 GANHOU em 1.20x
2026-05-20 09:14:49,594 - INFO - 📈 Round acabou: 23.03x — janela de aposta aberta!
2026-05-20 09:14:49,603 - INFO - 🧠 A apostar | cashout 1.20x | 0.0s na decisão
2026-05-20 09:14:59,173 - INFO - 💰 GANHOU em 1.20x
2026-05-20 09:15:02,430 - INFO - 📈 Round acabou: 1.41x — janela de aposta aberta!
2026-05-20 09:15:02,438 - INFO - 🧠 A apostar | cashout 1.20x | 0.0s na decisão
2026-05-20 09:15:24,231 - INFO - 💰 GANHOU em 1.28x
2026-05-20 09:15:44,145 - INFO - 📈 Round acabou: 5.61x — janela de aposta aberta!
2026-05-20 09:15:44,156 - INFO - 🧠 A apostar | cashout 1.20x | 0.0s na decisão
2026-05-20 09:15:49,163 - WARNING - ⚠️ Falhou a apostar.
2026-05-20 09:15:53,618 - INFO - 📈 Round acabou: 1.02x — janela de aposta aberta!
2026-05-20 09:15:53,621 - INFO - 🧠 A apostar | cashout 1.20x | 0.0s na decisão
2026-05-20 09:15:56,061 - INFO - 
🛑 Robô encerrado manualmente.
2026-05-20 16:04:32,919 - INFO - 🚀 Robô Aviator iniciado...
2026-05-20 16:04:32,933 - INFO - 📂 Histórico: 200 entradas
2026-05-20 16:04:32,934 - INFO - ⏳ A captar lista inicial...
2026-05-20 16:04:35,142 - INFO - ✅ Sync: último round visível = 1.19x
2026-05-20 16:04:35,144 - INFO -    A aguardar próximo round terminar...
2026-05-20 16:05:09,094 - INFO - 📈 Round acabou: 1.26x — janela de aposta aberta!
2026-05-20 16:05:09,105 - INFO - 🧠 A apostar | cashout 3.00x | 0.0s na decisão
2026-05-20 16:05:14,409 - WARNING - ⚠️ Falhou a apostar.
2026-05-20 16:05:21,223 - INFO - 📈 Round acabou: 1.25x — janela de aposta aberta!
2026-05-20 16:05:31,084 - INFO - 📈 Round acabou: 71.00x — janela de aposta aberta!
2026-05-20 16:05:31,085 - INFO - 🧠 A apostar | cashout 1.20x | 0.0s na decisão
2026-05-20 16:05:36,370 - WARNING - ⚠️ Falhou a apostar.
2026-05-20 16:05:44,522 - INFO - 
🛑 Robô encerrado manualmente.
2026-05-20 16:18:02,666 - INFO - 🚀 Robô Aviator iniciado...
2026-05-20 16:18:02,731 - INFO - 📂 Histórico: 200 entradas
2026-05-20 16:18:02,731 - INFO - ⏳ A captar lista inicial...
2026-05-20 16:18:05,218 - INFO - ✅ Sync: último round visível = 2.67x
2026-05-20 16:18:05,218 - INFO -    A aguardar próximo round terminar...
2026-05-20 16:18:14,589 - INFO - 📈 Round acabou: 13.78x — janela de aposta aberta!
2026-05-20 16:18:14,590 - INFO - 🧠 A apostar | cashout 1.20x | 0.0s na decisão
2026-05-20 16:18:15,102 - ERROR - ❌ Erro: type object 'Fase' has no attribute 'CRASH'
2026-05-20 16:18:39,008 - INFO - 📈 Round acabou: 3.53x — janela de aposta aberta!
2026-05-20 16:18:39,009 - INFO - 🧠 A apostar | cashout 1.20x | 0.0s na decisão
2026-05-20 16:18:39,491 - ERROR - ❌ Erro: type object 'Fase' has no attribute 'CRASH'
2026-05-20 16:18:55,335 - INFO - 
🛑 Robô encerrado manualmente.
2026-05-20 16:25:31,894 - INFO - 🚀 Robô Aviator iniciado...
2026-05-20 16:25:31,896 - INFO - 📂 Histórico: 200 entradas
2026-05-20 16:25:31,896 - INFO - ⏳ A captar lista inicial...
2026-05-20 16:25:33,066 - INFO - ✅ Sync: último round visível = 1.00x
2026-05-20 16:25:33,067 - INFO -    A aguardar próximo round terminar...
2026-05-20 16:25:48,030 - INFO - 📈 Round acabou: 2.66x — janela de aposta aberta!
2026-05-20 16:25:48,032 - INFO - 🧠 A apostar | cashout 1.20x | 0.0s na decisão
2026-05-20 16:25:58,913 - INFO - 💰 GANHOU em 1.20x
2026-05-20 16:26:35,264 - INFO - 📈 Round acabou: 23.96x — janela de aposta aberta!
2026-05-20 16:26:35,281 - INFO - 🧠 A apostar | cashout 1.20x | 0.0s na decisão
2026-05-20 16:26:47,064 - INFO - 💰 GANHOU em 1.26x
2026-05-20 16:27:00,827 - INFO - 📈 Round acabou: 3.89x — janela de aposta aberta!
2026-05-20 16:27:00,834 - INFO - 🧠 A apostar | cashout 1.20x | 0.0s na decisão
2026-05-20 16:27:11,866 - INFO - 💰 GANHOU em 1.20x
2026-05-20 16:27:25,460 - INFO - 📈 Round acabou: 3.48x — janela de aposta aberta!
2026-05-20 16:27:25,469 - INFO - 🧠 A apostar | cashout 1.20x | 0.0s na decisão
2026-05-20 16:27:34,017 - INFO - 💥 PERDEU em 0.00x
2026-05-20 16:27:58,242 - INFO - 📈 Round acabou: 3.36x — janela de aposta aberta!
2026-05-20 16:27:58,257 - INFO - 🧠 A apostar | cashout 1.20x | 0.0s na decisão
2026-05-20 16:28:09,281 - INFO - 💰 GANHOU em 1.20x
2026-05-20 16:28:13,216 - INFO - 📈 Round acabou: 1.66x — janela de aposta aberta!
2026-05-20 16:28:13,223 - INFO - 🧠 A apostar | cashout 1.20x | 0.0s na decisão
2026-05-20 16:28:27,035 - INFO - 💥 PERDEU em 1.04x
2026-05-20 16:28:41,616 - INFO - 📈 Round acabou: 1.27x — janela de aposta aberta!
2026-05-20 16:28:41,619 - INFO - 🧠 A apostar | cashout 1.20x | 0.0s na decisão
2026-05-20 16:28:51,282 - INFO - 💰 GANHOU em 1.28x
2026-05-20 16:28:58,684 - INFO - 📈 Round acabou: 1.97x — janela de aposta aberta!
2026-05-20 16:28:58,686 - INFO - 🧠 A apostar | cashout 3.00x | 0.0s na decisão
2026-05-20 16:29:18,832 - INFO - 💰 GANHOU em 2.96x
2026-05-20 16:29:20,529 - INFO - 📈 Round acabou: 3.30x — janela de aposta aberta!
2026-05-20 16:29:20,537 - INFO - 🧠 A apostar | cashout 1.20x | 0.0s na decisão
2026-05-20 16:29:20,991 - WARNING - ⚠️ Falhou a apostar.
2026-05-20 16:30:00,892 - INFO - 📈 Round acabou: 13.76x — janela de aposta aberta!
2026-05-20 16:30:00,893 - INFO - 🧠 A apostar | cashout 1.20x | 0.0s na decisão
2026-05-20 16:30:14,740 - INFO - 💥 PERDEU em 1.06x
2026-05-20 16:30:27,804 - INFO - 📈 Round acabou: 1.37x — janela de aposta aberta!
2026-05-20 16:30:27,805 - INFO - 🧠 A apostar | cashout 1.20x | 0.0s na decisão
2026-05-20 16:30:45,462 - INFO - 💥 PERDEU em 1.03x
2026-05-20 16:30:59,783 - INFO - 📈 Round acabou: 1.70x — janela de aposta aberta!
2026-05-20 16:30:59,790 - INFO - 🧠 A apostar | cashout 1.20x | 0.0s na decisão
2026-05-20 16:31:15,525 - INFO - 💰 GANHOU em 1.80x
2026-05-20 16:31:34,011 - INFO - 📈 Round acabou: 8.03x — janela de aposta aberta!
2026-05-20 16:31:34,015 - INFO - 🧠 A apostar | cashout 1.20x | 0.0s na decisão
2026-05-20 16:31:45,998 - INFO - 💰 GANHOU em 1.28x
2026-05-20 16:31:57,517 - INFO - 📈 Round acabou: 3.37x — janela de aposta aberta!
2026-05-20 16:31:57,519 - INFO - 🧠 A apostar | cashout 1.20x | 0.0s na decisão
2026-05-20 16:32:08,985 - INFO - 💰 GANHOU em 1.20x
2026-05-20 16:32:18,299 - INFO - 📈 Round acabou: 2.60x — janela de aposta aberta!
2026-05-20 16:32:18,308 - INFO - 🧠 A apostar | cashout 1.20x | 0.0s na decisão
2026-05-20 16:32:29,555 - INFO - 💰 GANHOU em 1.20x
2026-05-20 16:32:32,327 - INFO - 📈 Round acabou: 1.54x — janela de aposta aberta!
2026-05-20 16:32:32,335 - INFO - 🧠 A apostar | cashout 1.20x | 0.0s na decisão
2026-05-20 16:32:44,170 - INFO - 💰 GANHOU em 1.20x
2026-05-20 16:33:14,445 - INFO - 
🛑 Robô encerrado manualmente.
