2026-05-21 08:49:01,742 - INFO - 🚀 Robô Aviator iniciado...
2026-05-21 08:49:01,753 - INFO - 📂 Histórico: 200 entradas
2026-05-21 08:49:01,753 - INFO - ⏳ A captar lista inicial...
2026-05-21 08:49:03,744 - INFO - ✅ Sync: último round visível = 1.00x
2026-05-21 08:49:03,745 - INFO -    A aguardar próximo round terminar...
2026-05-21 08:49:15,218 - INFO - 📈 Round acabou: 2.80x — janela de aposta aberta!
2026-05-21 08:49:15,230 - INFO - 🧠 A apostar | cashout 1.20x | 0.0s na decisão
2026-05-21 08:49:26,505 - INFO - 💰 GANHOU em 1.20x
2026-05-21 08:49:29,706 - INFO - 📈 Round acabou: 1.33x — janela de aposta aberta!
2026-05-21 08:49:29,730 - INFO - 🧠 A apostar | cashout 1.20x | 0.0s na decisão
2026-05-21 08:49:40,824 - INFO - 💰 GANHOU em 1.35x
2026-05-21 08:49:43,668 - INFO - 📈 Round acabou: 1.67x — janela de aposta aberta!
2026-05-21 08:49:43,677 - INFO - 🧠 A apostar | cashout 3.00x | 0.0s na decisão
2026-05-21 08:49:55,154 - INFO - 💥 PERDEU em 1.00x
2026-05-21 08:50:10,942 - INFO - 📈 Round acabou: 1.57x — janela de aposta aberta!
2026-05-21 08:50:10,952 - INFO - 🧠 A apostar | cashout 3.00x | 0.0s na decisão
2026-05-21 08:50:24,619 - INFO - 💥 PERDEU em 1.00x
2026-05-21 08:50:25,420 - INFO - 🛑 Limite de banca atingido.
2026-05-21 10:45:04,572 - INFO - 🚀 Robô Aviator iniciado...
2026-05-21 10:45:04,584 - INFO - 📂 Histórico: 200 entradas
2026-05-21 10:45:04,587 - INFO - 💰 Estado aposta: Cadeia: 0/6 | Aposta: 50 | Cofre: 0 AOA
2026-05-21 10:45:04,587 - INFO - ⏳ A captar lista inicial...
2026-05-21 10:45:07,297 - INFO - ✅ Sync: último round visível = 12.09x
2026-05-21 10:45:07,297 - INFO -    A aguardar próximo round terminar...
2026-05-21 10:45:21,343 - INFO - 📈 Round acabou: 3.72x — janela de aposta aberta!
2026-05-21 10:45:21,354 - INFO - 💼 Cadeia composta: 50 AOA | 0 vitórias seguidas
2026-05-21 10:45:21,355 - INFO - 🧠 Cashout alvo 1.20x | Valor 50 AOA | 0.0s decisão
2026-05-21 10:45:36,758 - INFO - 💥 PERDEU em 0.00x | Cadeia: 0/6 | Aposta: 50 | Cofre: 0 AOA
2026-05-21 10:46:09,915 - INFO - 📈 Round acabou: 7.06x — janela de aposta aberta!
2026-05-21 10:46:09,930 - INFO - 💼 Cadeia composta: 50 AOA | 0 vitórias seguidas
2026-05-21 10:46:09,930 - INFO - 🧠 Cashout alvo 1.20x | Valor 50 AOA | 0.0s decisão
2026-05-21 10:46:26,828 - INFO - 💥 PERDEU em 0.00x | Cadeia: 0/6 | Aposta: 50 | Cofre: 0 AOA
2026-05-21 10:46:46,288 - INFO - 📈 Round acabou: 2.23x — janela de aposta aberta!
2026-05-21 10:47:10,583 - INFO - 📈 Round acabou: 3.69x — janela de aposta aberta!
2026-05-21 10:47:26,016 - INFO - 📈 Round acabou: 1.51x — janela de aposta aberta!
2026-05-21 10:47:57,745 - INFO - 📈 Round acabou: 6.80x — janela de aposta aberta!
2026-05-21 10:48:27,266 - INFO - 📈 Round acabou: 5.48x — janela de aposta aberta!
2026-05-21 10:49:04,425 - INFO - 📈 Round acabou: 10.14x — janela de aposta aberta!
2026-05-21 10:49:13,310 - INFO - 
🛑 Robô encerrado manualmente.
2026-05-21 14:10:10,967 - INFO - 🚀 Robô Aviator iniciado...
2026-05-21 14:10:10,982 - INFO - 📂 Histórico: 200 entradas
2026-05-21 14:10:10,983 - INFO - 💰 Estado aposta: Cadeia: 0/6 | Aposta: 100 | Cofre: 0 AOA
2026-05-21 14:10:10,984 - INFO - ⏳ A captar lista inicial...
2026-05-21 14:15:02,507 - INFO - 🚀 Robô Aviator iniciado...
2026-05-21 14:15:02,511 - INFO - 📂 Histórico: 200 entradas
2026-05-21 14:15:02,511 - INFO - 💰 Estado aposta: Cadeia: 0/6 | Aposta: 100 | Cofre: 0 AOA
2026-05-21 14:15:02,511 - INFO - ⏳ A captar lista inicial...
2026-05-21 14:15:04,177 - INFO - ✅ Sync: último round visível = 1.67x
2026-05-21 14:15:04,178 - INFO -    A aguardar próximo round terminar...
2026-05-21 14:15:24,335 - INFO - 📈 Round acabou: 2.57x — janela de aposta aberta!
2026-05-21 14:15:24,337 - INFO - 💼 Cadeia composta: 100 AOA | 0 vitórias seguidas
2026-05-21 14:15:24,337 - INFO - 🧠 Cashout alvo 1.20x | Valor 100 AOA | 0.0s decisão
2026-05-21 14:15:29,049 - INFO - 💥 PERDEU em 0.00x | Cadeia: 0/6 | Aposta: 100 | Cofre: 0 AOA
2026-05-21 14:16:08,195 - INFO - 📈 Round acabou: 2.62x — janela de aposta aberta!
2026-05-21 14:16:08,208 - INFO - 💼 Cadeia composta: 100 AOA | 0 vitórias seguidas
2026-05-21 14:16:08,209 - INFO - 🧠 Cashout alvo 1.20x | Valor 100 AOA | 0.0s decisão
2026-05-21 14:16:21,627 - INFO - 💥 PERDEU em 0.00x | Cadeia: 0/6 | Aposta: 100 | Cofre: 0 AOA
2026-05-21 14:16:40,904 - INFO - 📈 Round acabou: 2.04x — janela de aposta aberta!
2026-05-21 14:16:40,918 - INFO - 💼 Cadeia composta: 100 AOA | 0 vitórias seguidas
2026-05-21 14:16:40,918 - INFO - 🧠 Cashout alvo 1.20x | Valor 100 AOA | 0.0s decisão
2026-05-21 14:16:52,393 - INFO - 💥 PERDEU em 1.05x | Cadeia: 0/6 | Aposta: 100 | Cofre: 0 AOA
2026-05-21 14:17:40,799 - INFO - 📈 Round acabou: 23.83x — janela de aposta aberta!
2026-05-21 14:17:40,818 - INFO - 💼 Cadeia composta: 100 AOA | 0 vitórias seguidas
2026-05-21 14:17:40,818 - INFO - 🧠 Cashout alvo 1.20x | Valor 100 AOA | 0.0s decisão
2026-05-21 14:17:49,073 - INFO - 💥 PERDEU em 0.00x | Cadeia: 0/6 | Aposta: 100 | Cofre: 0 AOA
2026-05-21 14:18:26,092 - INFO - 📈 Round acabou: 8.93x — janela de aposta aberta!
2026-05-21 14:18:35,604 - INFO - 📈 Round acabou: 1.04x — janela de aposta aberta!
2026-05-21 14:18:49,856 - INFO - 📈 Round acabou: 1.56x — janela de aposta aberta!
2026-05-21 14:18:49,914 - INFO - 💼 Cadeia composta: 100 AOA | 0 vitórias seguidas
2026-05-21 14:18:49,915 - INFO - 🧠 Cashout alvo 1.20x | Valor 100 AOA | 0.1s decisão
2026-05-21 14:19:06,940 - INFO - 💰 GANHOU em 2.08x | Cadeia: 1/6 | Aposta: 208 | Cofre: 0 AOA
2026-05-21 14:19:27,416 - INFO - 📈 Round acabou: 10.71x — janela de aposta aberta!
2026-05-21 14:19:27,423 - INFO - 💼 Cadeia composta: 208 AOA | 1 vitórias seguidas
2026-05-21 14:19:27,424 - INFO - 🧠 Cashout alvo 1.20x | Valor 208 AOA | 0.0s decisão
2026-05-21 14:19:39,507 - INFO - 💥 PERDEU em 1.05x | Cadeia: 0/6 | Aposta: 100 | Cofre: 0 AOA
2026-05-21 14:20:05,036 - INFO - 📈 Round acabou: 3.91x — janela de aposta aberta!
2026-05-21 14:20:05,038 - INFO - 💼 Cadeia composta: 100 AOA | 0 vitórias seguidas
2026-05-21 14:20:05,039 - INFO - 🧠 Cashout alvo 1.20x | Valor 100 AOA | 0.0s decisão
2026-05-21 14:20:33,257 - INFO - 💰 GANHOU em 1.65x | Cadeia: 1/6 | Aposta: 165 | Cofre: 0 AOA
2026-05-21 14:20:40,815 - INFO - 📈 Round acabou: 2.81x — janela de aposta aberta!
2026-05-21 14:20:40,820 - INFO - 💼 Cadeia composta: 165 AOA | 1 vitórias seguidas
2026-05-21 14:20:40,820 - INFO - 🧠 Cashout alvo 1.20x | Valor 165 AOA | 0.0s decisão
2026-05-21 14:20:57,401 - INFO - 💰 GANHOU em 2.04x | Cadeia: 2/6 | Aposta: 337 | Cofre: 0 AOA
2026-05-21 14:21:01,259 - INFO - 📈 Round acabou: 1.00x — janela de aposta aberta!
2026-05-21 14:21:01,282 - INFO - 💼 Cadeia composta: 337 AOA | 2 vitórias seguidas
2026-05-21 14:21:01,283 - INFO - 🧠 Cashout alvo 1.20x | Valor 337 AOA | 0.0s decisão
2026-05-21 14:21:23,235 - INFO - 💥 PERDEU em 0.00x | Cadeia: 0/6 | Aposta: 100 | Cofre: 0 AOA
2026-05-21 14:22:45,710 - INFO - 
🛑 Robô encerrado manualmente.
2026-05-21 14:29:38,763 - INFO - 🚀 Robô Aviator iniciado...
2026-05-21 14:29:38,764 - INFO - 📂 Histórico: 200 entradas
2026-05-21 14:29:38,764 - INFO - 💰 Estado aposta: Cadeia: 0/6 | Aposta: 100 | Cofre: 0 AOA
2026-05-21 14:29:38,764 - INFO - ⏳ A captar lista inicial...
2026-05-21 14:29:39,679 - INFO - ✅ Sync: último round visível = 1.02x
2026-05-21 14:29:39,679 - INFO -    A aguardar próximo round terminar...
2026-05-21 14:30:24,653 - INFO - 
🛑 Robô encerrado manualmente.
2026-05-21 14:30:53,715 - INFO - 🚀 Robô Aviator iniciado...
2026-05-21 14:30:53,717 - INFO - 📂 Histórico: 200 entradas
2026-05-21 14:30:53,718 - INFO - 💰 Estado aposta: Cadeia: 0/6 | Aposta: 100 | Cofre: 0 AOA
2026-05-21 14:30:53,719 - INFO - ⏳ A captar lista inicial...
2026-05-21 14:30:54,709 - INFO - ✅ Sync: último round visível = 1.16x
2026-05-21 14:30:54,710 - INFO -    A aguardar próximo round terminar...
2026-05-21 14:31:36,787 - INFO - 📈 Round acabou: 18.39x — janela de aposta aberta!
2026-05-21 14:31:36,791 - INFO - 💼 Cadeia composta: 100 AOA | 0 vitórias seguidas
2026-05-21 14:31:36,791 - INFO - 🧠 Cashout alvo 1.20x | Valor 100 AOA | 0.0s decisão
2026-05-21 14:31:49,555 - INFO - 💥 PERDEU em 0.00x | Cadeia: 0/6 | Aposta: 100 | Cofre: 0 AOA
2026-05-21 14:32:14,793 - INFO - 📈 Round acabou: 1.21x — janela de aposta aberta!
2026-05-21 14:32:14,795 - INFO - 💼 Cadeia composta: 100 AOA | 0 vitórias seguidas
2026-05-21 14:32:14,795 - INFO - 🧠 Cashout alvo 1.20x | Valor 100 AOA | 0.0s decisão
2026-05-21 14:32:31,804 - INFO - 💰 GANHOU em 2.02x | Cadeia: 1/6 | Aposta: 202 | Cofre: 0 AOA
2026-05-21 14:32:35,779 - INFO - 📈 Round acabou: 2.83x — janela de aposta aberta!
2026-05-21 14:32:35,781 - INFO - 💼 Cadeia composta: 202 AOA | 1 vitórias seguidas
2026-05-21 14:32:35,781 - INFO - 🧠 Cashout alvo 1.20x | Valor 202 AOA | 0.0s decisão
2026-05-21 14:32:46,627 - INFO - 💥 PERDEU em 0.00x | Cadeia: 0/6 | Aposta: 100 | Cofre: 0 AOA
2026-05-21 14:33:10,039 - INFO - 📈 Round acabou: 1.97x — janela de aposta aberta!
2026-05-21 14:33:10,042 - INFO - 💼 Cadeia composta: 100 AOA | 0 vitórias seguidas
2026-05-21 14:33:10,043 - INFO - 🧠 Cashout alvo 1.20x | Valor 100 AOA | 0.0s decisão
2026-05-21 14:33:11,531 - WARNING - ⚠️ Falhou a apostar.
2026-05-21 14:33:35,647 - INFO - 📈 Round acabou: 32.72x — janela de aposta aberta!
2026-05-21 14:33:35,649 - INFO - 💼 Cadeia composta: 100 AOA | 0 vitórias seguidas
2026-05-21 14:33:35,650 - INFO - 🧠 Cashout alvo 1.20x | Valor 100 AOA | 0.0s decisão
2026-05-21 14:33:54,409 - INFO - 💰 GANHOU em 2.07x | Cadeia: 1/6 | Aposta: 207 | Cofre: 0 AOA
2026-05-21 14:34:24,679 - INFO - 📈 Round acabou: 16.84x — janela de aposta aberta!
2026-05-21 14:34:24,683 - INFO - 💼 Cadeia composta: 207 AOA | 1 vitórias seguidas
2026-05-21 14:34:24,684 - INFO - 🧠 Cashout alvo 1.20x | Valor 207 AOA | 0.0s decisão
2026-05-21 14:34:29,149 - INFO - 💥 PERDEU em 0.00x | Cadeia: 0/6 | Aposta: 100 | Cofre: 0 AOA
2026-05-21 14:35:41,858 - INFO - 📈 Round acabou: 180.47x — janela de aposta aberta!
2026-05-21 14:35:41,864 - INFO - 💼 Cadeia composta: 100 AOA | 0 vitórias seguidas
2026-05-21 14:35:41,866 - INFO - 🧠 Cashout alvo 1.20x | Valor 100 AOA | 0.0s decisão
2026-05-21 14:35:53,111 - INFO - 💥 PERDEU em 0.00x | Cadeia: 0/6 | Aposta: 100 | Cofre: 0 AOA
2026-05-21 14:36:00,511 - INFO - 📈 Round acabou: 1.32x — janela de aposta aberta!
2026-05-21 14:36:00,515 - INFO - 💼 Cadeia composta: 100 AOA | 0 vitórias seguidas
2026-05-21 14:36:00,515 - INFO - 🧠 Cashout alvo 1.20x | Valor 100 AOA | 0.0s decisão
2026-05-21 14:36:21,081 - INFO - 💰 GANHOU em 2.08x | Cadeia: 1/6 | Aposta: 208 | Cofre: 0 AOA
2026-05-21 14:36:25,277 - INFO - 📈 Round acabou: 2.47x — janela de aposta aberta!
2026-05-21 14:36:25,278 - INFO - 💼 Cadeia composta: 208 AOA | 1 vitórias seguidas
2026-05-21 14:36:25,279 - INFO - 🧠 Cashout alvo 1.20x | Valor 208 AOA | 0.0s decisão
2026-05-21 14:36:34,987 - INFO - 💥 PERDEU em 0.00x | Cadeia: 0/6 | Aposta: 100 | Cofre: 0 AOA
2026-05-21 14:37:17,387 - INFO - 📈 Round acabou: 12.52x — janela de aposta aberta!
2026-05-21 14:37:17,392 - INFO - 💼 Cadeia composta: 100 AOA | 0 vitórias seguidas
2026-05-21 14:37:17,394 - INFO - 🧠 Cashout alvo 1.20x | Valor 100 AOA | 0.0s decisão
2026-05-21 14:37:33,592 - INFO - 💰 GANHOU em 2.28x | Cadeia: 1/6 | Aposta: 228 | Cofre: 0 AOA
2026-05-21 14:38:08,587 - INFO - 📈 Round acabou: 36.23x — janela de aposta aberta!
2026-05-21 14:38:08,598 - INFO - 💼 Cadeia composta: 228 AOA | 1 vitórias seguidas
2026-05-21 14:38:08,598 - INFO - 🧠 Cashout alvo 1.20x | Valor 228 AOA | 0.0s decisão
2026-05-21 14:38:20,683 - INFO - 💥 PERDEU em 0.00x | Cadeia: 0/6 | Aposta: 100 | Cofre: 0 AOA
2026-05-21 14:38:25,563 - INFO - 
🛑 Robô encerrado manualmente.
2026-05-21 14:39:26,613 - INFO - 🚀 Robô Aviator iniciado...
2026-05-21 14:39:26,615 - INFO - 📂 Histórico: 200 entradas
2026-05-21 14:39:26,616 - INFO - 💰 Estado aposta: Cadeia: 0/6 | Aposta: 100 | Cofre: 0 AOA
2026-05-21 14:39:26,616 - INFO - ⏳ A captar lista inicial...
2026-05-21 14:39:27,587 - INFO - ✅ Sync: último round visível = 8.01x
2026-05-21 14:39:27,587 - INFO -    A aguardar próximo round terminar...
2026-05-21 14:39:48,896 - INFO - 📈 Round acabou: 7.42x — janela de aposta aberta!
2026-05-21 14:39:48,899 - INFO - 💼 Cadeia composta: 100 AOA | 0 vitórias seguidas
2026-05-21 14:39:48,900 - INFO - 🧠 Cashout alvo 1.20x | Valor 100 AOA | 0.0s decisão
2026-05-21 14:40:05,900 - INFO - 💰 GANHOU em 2.07x | Cadeia: 1/6 | Aposta: 207 | Cofre: 0 AOA
2026-05-21 14:40:19,116 - INFO - 📈 Round acabou: 5.59x — janela de aposta aberta!
2026-05-21 14:40:19,118 - INFO - 💼 Cadeia composta: 207 AOA | 1 vitórias seguidas
2026-05-21 14:40:19,118 - INFO - 🧠 Cashout alvo 1.20x | Valor 207 AOA | 0.0s decisão
2026-05-21 14:40:27,658 - INFO - 💥 PERDEU em 0.00x | Cadeia: 0/6 | Aposta: 100 | Cofre: 0 AOA
2026-05-21 14:40:42,266 - INFO - 📈 Round acabou: 1.15x — janela de aposta aberta!
2026-05-21 14:40:42,272 - INFO - 💼 Cadeia composta: 100 AOA | 0 vitórias seguidas
2026-05-21 14:40:42,272 - INFO - 🧠 Cashout alvo 1.20x | Valor 100 AOA | 0.0s decisão
2026-05-21 14:40:53,414 - INFO - 💥 PERDEU em 0.00x | Cadeia: 0/6 | Aposta: 100 | Cofre: 0 AOA
2026-05-21 14:41:24,949 - INFO - 📈 Round acabou: 6.03x — janela de aposta aberta!
2026-05-21 14:41:24,951 - INFO - 💼 Cadeia composta: 100 AOA | 0 vitórias seguidas
2026-05-21 14:41:24,952 - INFO - 🧠 Cashout alvo 1.20x | Valor 100 AOA | 0.0s decisão
2026-05-21 14:41:42,158 - INFO - 💰 GANHOU em 2.08x | Cadeia: 1/6 | Aposta: 208 | Cofre: 0 AOA
2026-05-21 14:41:48,849 - INFO - 📈 Round acabou: 2.64x — janela de aposta aberta!
2026-05-21 14:41:48,856 - INFO - 💼 Cadeia composta: 208 AOA | 1 vitórias seguidas
2026-05-21 14:41:48,858 - INFO - 🧠 Cashout alvo 1.20x | Valor 208 AOA | 0.0s decisão
2026-05-21 14:42:04,315 - INFO - 💰 GANHOU em 2.28x | Cadeia: 2/6 | Aposta: 474 | Cofre: 0 AOA
2026-05-21 14:42:12,281 - INFO - 📈 Round acabou: 4.08x — janela de aposta aberta!
2026-05-21 14:42:12,289 - INFO - 💼 Cadeia composta: 474 AOA | 2 vitórias seguidas
2026-05-21 14:42:12,290 - INFO - 🧠 Cashout alvo 1.20x | Valor 474 AOA | 0.0s decisão
2026-05-21 14:42:29,099 - INFO - 💰 GANHOU em 2.02x | Cadeia: 3/6 | Aposta: 958 | Cofre: 0 AOA
2026-05-21 14:42:33,417 - INFO - 📈 Round acabou: 2.43x — janela de aposta aberta!
2026-05-21 14:42:33,430 - INFO - 💼 Cadeia composta: 958 AOA | 3 vitórias seguidas
2026-05-21 14:42:33,430 - INFO - 🧠 Cashout alvo 1.20x | Valor 958 AOA | 0.0s decisão
2026-05-21 14:42:48,847 - INFO - 💰 GANHOU em 2.02x | Cadeia: 4/6 | Aposta: 1935 | Cofre: 0 AOA
2026-05-21 14:43:52,007 - INFO - 📈 Round acabou: 64.77x — janela de aposta aberta!
2026-05-21 14:43:52,017 - INFO - 💼 Cadeia composta: 1000 AOA (limite atingido) | 4 vitórias
2026-05-21 14:43:52,018 - INFO - 🧠 Cashout alvo 1.20x | Valor 1000 AOA | 0.0s decisão
2026-05-21 14:44:12,021 - INFO - 💰 GANHOU em 2.02x | Cadeia: 5/6 | Aposta: 2020 | Cofre: 0 AOA
2026-05-21 14:44:26,229 - INFO - 📈 Round acabou: 6.12x — janela de aposta aberta!
2026-05-21 14:44:26,245 - INFO - 💼 Cadeia composta: 1000 AOA (limite atingido) | 5 vitórias
2026-05-21 14:44:26,245 - INFO - 🧠 Cashout alvo 1.20x | Valor 1000 AOA | 0.0s decisão
2026-05-21 14:44:41,986 - INFO - 💥 PERDEU em 0.00x | Cadeia: 0/6 | Aposta: 100 | Cofre: 0 AOA
2026-05-21 14:44:51,815 - INFO - 📈 Round acabou: 1.01x — janela de aposta aberta!
2026-05-21 14:44:51,818 - INFO - 💼 Cadeia composta: 100 AOA | 0 vitórias seguidas
2026-05-21 14:44:51,818 - INFO - 🧠 Cashout alvo 1.20x | Valor 100 AOA | 0.0s decisão
2026-05-21 14:45:00,532 - INFO - 💥 PERDEU em 0.00x | Cadeia: 0/6 | Aposta: 100 | Cofre: 0 AOA
2026-05-21 14:45:11,259 - INFO - 📈 Round acabou: 1.08x — janela de aposta aberta!
2026-05-21 14:45:11,268 - INFO - 💼 Cadeia composta: 100 AOA | 0 vitórias seguidas
2026-05-21 14:45:11,269 - INFO - 🧠 Cashout alvo 1.20x | Valor 100 AOA | 0.0s decisão
2026-05-21 14:45:21,377 - INFO - 💥 PERDEU em 0.00x | Cadeia: 0/6 | Aposta: 100 | Cofre: 0 AOA
2026-05-21 14:45:53,230 - INFO - 📈 Round acabou: 5.57x — janela de aposta aberta!
2026-05-21 14:45:53,233 - INFO - 💼 Cadeia composta: 100 AOA | 0 vitórias seguidas
2026-05-21 14:45:53,235 - INFO - 🧠 Cashout alvo 1.20x | Valor 100 AOA | 0.0s decisão
2026-05-21 14:46:07,071 - INFO - 💥 PERDEU em 0.00x | Cadeia: 0/6 | Aposta: 100 | Cofre: 0 AOA
2026-05-21 14:46:17,548 - INFO - 📈 Round acabou: 1.01x — janela de aposta aberta!
2026-05-21 14:46:48,586 - INFO - 📈 Round acabou: 6.36x — janela de aposta aberta!
2026-05-21 14:47:01,084 - INFO - 📈 Round acabou: 1.37x — janela de aposta aberta!
2026-05-21 14:47:01,090 - INFO - 💼 Cadeia composta: 100 AOA | 0 vitórias seguidas
2026-05-21 14:47:01,091 - INFO - 🧠 Cashout alvo 1.20x | Valor 100 AOA | 0.0s decisão
2026-05-21 14:47:18,851 - INFO - 💰 GANHOU em 2.08x | Cadeia: 1/6 | Aposta: 208 | Cofre: 0 AOA
2026-05-21 14:47:40,884 - INFO - 📈 Round acabou: 11.80x — janela de aposta aberta!
2026-05-21 14:47:40,887 - INFO - 💼 Cadeia composta: 208 AOA | 1 vitórias seguidas
2026-05-21 14:47:40,888 - INFO - 🧠 Cashout alvo 1.20x | Valor 208 AOA | 0.0s decisão
2026-05-21 14:47:53,764 - INFO - 💥 PERDEU em 0.00x | Cadeia: 0/6 | Aposta: 100 | Cofre: 0 AOA
2026-05-21 14:48:12,162 - INFO - 📈 Round acabou: 1.90x — janela de aposta aberta!
2026-05-21 14:48:12,177 - INFO - 💼 Cadeia composta: 100 AOA | 0 vitórias seguidas
2026-05-21 14:48:12,178 - INFO - 🧠 Cashout alvo 1.20x | Valor 100 AOA | 0.0s decisão
2026-05-21 14:48:28,422 - INFO - 💰 GANHOU em 2.07x | Cadeia: 1/6 | Aposta: 207 | Cofre: 0 AOA
2026-05-21 14:48:42,045 - INFO - 📈 Round acabou: 1.28x — janela de aposta aberta!
2026-05-21 14:48:42,050 - INFO - 💼 Cadeia composta: 207 AOA | 1 vitórias seguidas
2026-05-21 14:48:42,051 - INFO - 🧠 Cashout alvo 1.20x | Valor 207 AOA | 0.0s decisão
2026-05-21 14:48:58,915 - INFO - 💰 GANHOU em 2.07x | Cadeia: 2/6 | Aposta: 428 | Cofre: 0 AOA
2026-05-21 14:49:44,313 - INFO - 📈 Round acabou: 80.48x — janela de aposta aberta!
2026-05-21 14:49:44,321 - INFO - 💼 Cadeia composta: 428 AOA | 2 vitórias seguidas
2026-05-21 14:49:44,322 - INFO - 🧠 Cashout alvo 1.20x | Valor 428 AOA | 0.0s decisão
2026-05-21 14:50:00,898 - INFO - 💰 GANHOU em 2.04x | Cadeia: 3/6 | Aposta: 874 | Cofre: 0 AOA
2026-05-21 14:50:09,205 - INFO - 📈 Round acabou: 3.91x — janela de aposta aberta!
2026-05-21 14:50:09,212 - INFO - 💼 Cadeia composta: 874 AOA | 3 vitórias seguidas
2026-05-21 14:50:09,214 - INFO - 🧠 Cashout alvo 1.20x | Valor 874 AOA | 0.0s decisão
2026-05-21 14:50:21,478 - INFO - 💥 PERDEU em 0.00x | Cadeia: 0/6 | Aposta: 100 | Cofre: 0 AOA
2026-05-21 14:50:23,748 - INFO - 🛑 Limite de banca atingido.
2026-05-21 14:54:46,728 - INFO - 🚀 Robô Aviator iniciado...
2026-05-21 14:54:46,729 - INFO - 📂 Histórico: 200 entradas
2026-05-21 14:54:46,730 - INFO - 💰 Estado aposta: Cadeia: 0/6 | Aposta: 100 | Cofre: 0 AOA
2026-05-21 14:54:46,730 - INFO - ⏳ A captar lista inicial...
2026-05-21 14:54:49,169 - INFO - ✅ Sync: último round visível = 14.95x
2026-05-21 14:54:49,170 - INFO -    A aguardar próximo round terminar...
2026-05-21 14:54:49,171 - INFO - 🛑 Limite de banca atingido.
2026-05-21 14:55:05,719 - INFO - 🚀 Robô Aviator iniciado...
2026-05-21 14:55:05,721 - INFO - 📂 Histórico: 200 entradas
2026-05-21 14:55:05,722 - INFO - 💰 Estado aposta: Cadeia: 0/6 | Aposta: 100 | Cofre: 0 AOA
2026-05-21 14:55:05,722 - INFO - ⏳ A captar lista inicial...
2026-05-21 14:55:06,734 - INFO - ✅ Sync: último round visível = 1.75x
2026-05-21 14:55:06,734 - INFO -    A aguardar próximo round terminar...
2026-05-21 14:55:06,735 - INFO - 🛑 Limite de banca atingido.
2026-05-21 14:55:47,614 - INFO - 🚀 Robô Aviator iniciado...
2026-05-21 14:55:47,617 - INFO - 📂 Histórico: 200 entradas
2026-05-21 14:55:47,618 - INFO - 💰 Estado aposta: Cadeia: 0/6 | Aposta: 100 | Cofre: 0 AOA
2026-05-21 14:55:47,619 - INFO - ⏳ A captar lista inicial...
2026-05-21 14:55:48,426 - INFO - ✅ Sync: último round visível = 3.07x
2026-05-21 14:55:48,426 - INFO -    A aguardar próximo round terminar...
2026-05-21 14:55:48,427 - INFO - 🛑 Limite de banca atingido.
2026-05-21 14:57:47,705 - INFO - 🚀 Robô Aviator iniciado...
2026-05-21 14:57:47,708 - INFO - 📂 Histórico: 200 entradas
2026-05-21 14:57:47,709 - INFO - 💰 Estado aposta: Cadeia: 0/6 | Aposta: 100 | Cofre: 0 AOA
2026-05-21 14:57:47,709 - INFO - ⏳ A captar lista inicial...
2026-05-21 14:57:49,049 - INFO - ✅ Sync: último round visível = 1.09x
2026-05-21 14:57:49,051 - INFO -    A aguardar próximo round terminar...
2026-05-21 14:57:49,052 - INFO - 🛑 Limite de banca atingido.
2026-05-21 15:03:34,690 - INFO - 🚀 Robô Aviator iniciado...
2026-05-21 15:03:34,693 - INFO - 📂 Histórico: 200 entradas
2026-05-21 15:03:34,694 - INFO - 💰 Estado aposta: Cadeia: 0/6 | Aposta: 100 | Cofre: 0 AOA
2026-05-21 15:03:34,695 - INFO - ⏳ A captar lista inicial...
2026-05-21 15:03:35,932 - INFO - ✅ Sync: último round visível = 1.60x
2026-05-21 15:03:35,933 - INFO -    A aguardar próximo round terminar...
2026-05-21 15:03:35,933 - INFO - 🛑 Limite de banca atingido.
