2026-05-19 10:12:33,448 - INFO - 🚀 Robô Aviator iniciado...
2026-05-19 10:12:33,452 - INFO - 📂 Histórico: 165 entradas
2026-05-19 10:12:33,452 - INFO - ⏳ A sincronizar — aguardando 2 rounds novos...
2026-05-19 10:12:38,335 - INFO -    Sync 1/2: 4.55x
2026-05-19 10:12:40,774 - INFO -    Sync 2/2: 1.10x
2026-05-19 10:12:40,775 - INFO - ✅ Sincronizado.
2026-05-19 10:25:41,284 - INFO - 🚀 Robô Aviator iniciado...
2026-05-19 10:25:41,293 - INFO - 📂 Histórico: 165 entradas
2026-05-19 10:25:41,293 - INFO - ⏳ A sincronizar — aguardando 2 rounds novos...
2026-05-19 10:25:44,962 - INFO -    Sync 1/2: 3.19x
2026-05-19 10:25:49,286 - INFO -    Sync 2/2: 2.82x
2026-05-19 10:25:49,287 - INFO - ✅ Sincronizado.
2026-05-19 10:26:26,033 - INFO - 📈 Novo crash: 11.59x
2026-05-19 10:26:26,152 - INFO - 🧠 A tentar apostar | cashout: 1.20x
2026-05-19 10:26:40,587 - INFO - 💰 GANHOU em 1.60x
2026-05-19 10:26:44,576 - INFO - 📈 Novo crash: 71.90x
2026-05-19 10:26:44,839 - INFO - 🧠 A tentar apostar | cashout: 1.20x
2026-05-19 10:27:06,883 - INFO - 💰 GANHOU em 1.23x
2026-05-19 10:27:11,319 - INFO - 📈 Novo crash: 1.58x
2026-05-19 10:27:11,485 - INFO - 🧠 A tentar apostar | cashout: 1.20x
2026-05-19 10:27:18,908 - INFO - 💰 GANHOU em 2.86x
2026-05-19 10:27:22,312 - INFO - 📈 Novo crash: 2.99x
2026-05-19 10:27:22,347 - INFO - 🧠 A tentar apostar | cashout: 1.20x
2026-05-19 10:27:50,593 - INFO - 💰 GANHOU em 1.22x
2026-05-19 10:27:54,013 - INFO - 📈 Novo crash: 1.24x
2026-05-19 10:27:54,048 - INFO - 🧠 A tentar apostar | cashout: 1.20x
2026-05-19 10:28:22,279 - INFO - 💰 GANHOU em 1.92x
2026-05-19 10:28:25,872 - INFO - 📈 Novo crash: 1.57x
2026-05-19 10:28:25,958 - INFO - 🧠 A tentar apostar | cashout: 5.00x
2026-05-19 10:28:58,396 - INFO - 💥 PERDEU em 1.28x
2026-05-19 10:29:01,072 - INFO - 📈 Novo crash: 1.56x
2026-05-19 10:29:01,081 - INFO - 🧠 A tentar apostar | cashout: 5.00x
2026-05-19 10:29:33,215 - INFO - 💥 PERDEU em 2.27x
2026-05-19 10:29:35,540 - INFO - 📈 Novo crash: 2.55x
2026-05-19 10:29:35,546 - INFO - 🧠 A tentar apostar | cashout: 5.00x
2026-05-19 10:29:47,620 - INFO - 💰 GANHOU em 8.01x
2026-05-19 10:29:49,822 - INFO - 📈 Novo crash: 3.32x
2026-05-19 10:29:49,882 - INFO - 🧠 A tentar apostar | cashout: 5.00x
2026-05-19 10:30:21,614 - INFO - 💥 PERDEU em 1.09x
2026-05-19 10:30:23,486 - INFO - 📈 Novo crash: 1.44x
2026-05-19 10:30:23,488 - INFO - 🧠 A tentar apostar | cashout: 5.00x
2026-05-19 10:30:24,551 - WARNING - ⚠️ Falhou a apostar — vai esperar próximo round.
2026-05-19 10:30:39,003 - INFO - 📈 Novo crash: 1.36x
2026-05-19 10:30:39,004 - INFO - 🧠 A tentar apostar | cashout: 5.00x
2026-05-19 10:31:06,856 - INFO - 💰 GANHOU em 8.74x
2026-05-19 10:31:08,756 - INFO - 📈 Novo crash: 5.34x
2026-05-19 10:31:08,758 - INFO - 🧠 A tentar apostar | cashout: 1.20x
2026-05-19 10:31:38,901 - INFO - 💥 PERDEU em 1.08x
2026-05-19 10:31:40,737 - INFO - 📈 Novo crash: 1.02x
2026-05-19 10:31:40,740 - INFO - 🧠 A tentar apostar | cashout: 1.20x
2026-05-19 10:32:02,784 - INFO - 💰 GANHOU em 1.35x
2026-05-19 10:32:04,510 - INFO - 📈 Novo crash: 6.85x
2026-05-19 10:32:04,513 - INFO - 🧠 A tentar apostar | cashout: 1.20x
2026-05-19 10:32:23,390 - INFO - 💰 GANHOU em 1.59x
2026-05-19 10:32:25,168 - INFO - 📈 Novo crash: 2.55x
2026-05-19 10:32:25,177 - INFO - 🧠 A tentar apostar | cashout: 1.20x
2026-05-19 10:32:53,969 - INFO - 💥 PERDEU em 1.02x
2026-05-19 10:32:55,847 - INFO - 📈 Novo crash: 4.63x
2026-05-19 10:32:55,848 - INFO - 🧠 A tentar apostar | cashout: 1.20x
2026-05-19 10:33:08,375 - INFO - 💰 GANHOU em 1.20x
2026-05-19 10:33:10,098 - INFO - 📈 Novo crash: 1.99x
2026-05-19 10:33:10,100 - INFO - 🧠 A tentar apostar | cashout: 1.20x
2026-05-19 10:33:54,648 - INFO - 💰 GANHOU em 1.22x
2026-05-19 10:33:57,008 - INFO - 📈 Novo crash: 22.86x
2026-05-19 10:33:57,014 - INFO - 🧠 A tentar apostar | cashout: 1.20x
2026-05-19 10:34:28,079 - INFO - 💰 GANHOU em 1.28x
2026-05-19 10:35:21,833 - INFO - 📈 Novo crash: 39.83x
2026-05-19 10:35:21,873 - INFO - 🧠 A tentar apostar | cashout: 1.20x
2026-05-19 10:35:39,017 - INFO - 💰 GANHOU em 1.40x
2026-05-19 10:35:41,315 - INFO - 📈 Novo crash: 1.90x
2026-05-19 10:35:41,323 - INFO - 🧠 A tentar apostar | cashout: 1.20x
2026-05-19 10:35:51,621 - INFO - 💰 GANHOU em 1.22x
2026-05-19 10:35:53,871 - INFO - 📈 Novo crash: 1.30x
2026-05-19 10:35:53,911 - INFO - 🧠 A tentar apostar | cashout: 1.20x
2026-05-19 10:36:34,913 - INFO - 💰 GANHOU em 1.25x
2026-05-19 10:36:37,662 - INFO - 📈 Novo crash: 17.65x
2026-05-19 10:36:37,668 - INFO - 🧠 A tentar apostar | cashout: 1.20x
2026-05-19 10:37:00,223 - INFO - 💰 GANHOU em 1.83x
2026-05-19 10:37:02,354 - INFO - 📈 Novo crash: 1.05x
2026-05-19 10:37:02,355 - INFO - 🧠 A tentar apostar | cashout: 1.20x
2026-05-19 10:37:14,468 - WARNING - ⚠️ Falhou a apostar — vai esperar próximo round.
2026-05-19 10:37:16,802 - INFO - 📈 Novo crash: 5.51x
2026-05-19 10:37:16,803 - INFO - 🧠 A tentar apostar | cashout: 1.20x
2026-05-19 10:37:28,825 - WARNING - ⚠️ Falhou a apostar — vai esperar próximo round.
2026-05-19 10:37:42,750 - INFO - 📈 Novo crash: 4.67x
2026-05-19 10:37:42,750 - INFO - 🧠 A tentar apostar | cashout: 1.20x
2026-05-19 10:37:58,227 - INFO - 💰 GANHOU em 1.22x
2026-05-19 10:38:00,398 - INFO - 📈 Novo crash: 1.69x
2026-05-19 10:38:00,408 - INFO - 🧠 A tentar apostar | cashout: 5.00x
2026-05-19 10:38:32,234 - INFO - 💥 PERDEU em 1.59x
2026-05-19 10:38:34,153 - INFO - 📈 Novo crash: 1.65x
2026-05-19 10:38:34,155 - INFO - 🧠 A tentar apostar | cashout: 5.00x
2026-05-19 10:38:49,996 - INFO - 
🛑 Robô encerrado manualmente.
2026-05-19 12:51:48,473 - INFO - 🚀 Robô Aviator iniciado...
2026-05-19 12:51:48,475 - INFO - 📂 Histórico: 192 entradas
2026-05-19 12:51:48,476 - INFO - ⏳ A sincronizar — aguardando primeira mudança na lista...
2026-05-19 12:51:48,919 - INFO -    Lista inicial detectada: 2.37x
2026-05-19 12:51:52,485 - INFO - ✅ Sincronizado — round acabou: 5.10x
2026-05-19 12:52:06,228 - INFO - 📈 Round acabou: 8.10x — janela de aposta aberta!
2026-05-19 12:52:06,230 - INFO - 🧠 A apostar | cashout 1.20x | 0.0s gastos na decisão
2026-05-19 12:52:27,192 - INFO - 💰 GANHOU em 1.20x
2026-05-19 12:52:27,424 - INFO - 📈 Round acabou: 7.01x — janela de aposta aberta!
2026-05-19 12:52:27,432 - INFO - 🧠 A apostar | cashout 1.20x | 0.0s gastos na decisão
2026-05-19 12:52:28,875 - WARNING - ⚠️ Falhou a apostar.
2026-05-19 12:52:33,953 - INFO - 📈 Round acabou: 161.01x — janela de aposta aberta!
2026-05-19 12:52:33,954 - INFO - 🧠 A apostar | cashout 1.20x | 0.0s gastos na decisão
2026-05-19 12:52:35,368 - WARNING - ⚠️ Falhou a apostar.
2026-05-19 12:52:35,875 - INFO - 📈 Round acabou: 2.06x — janela de aposta aberta!
2026-05-19 12:52:35,876 - INFO - 🧠 A apostar | cashout 1.20x | 0.0s gastos na decisão
2026-05-19 12:52:37,305 - WARNING - ⚠️ Falhou a apostar.
2026-05-19 12:52:52,184 - INFO - 📈 Round acabou: 1.94x — janela de aposta aberta!
2026-05-19 12:52:52,186 - INFO - 🧠 A apostar | cashout 1.20x | 0.0s gastos na decisão
2026-05-19 12:53:05,293 - INFO - 💰 GANHOU em 1.23x
2026-05-19 12:53:05,541 - INFO - 📈 Round acabou: 1.45x — janela de aposta aberta!
2026-05-19 12:53:05,551 - INFO - 🧠 A apostar | cashout 1.20x | 0.0s gastos na decisão
2026-05-19 12:53:26,695 - INFO - 💰 GANHOU em 1.23x
2026-05-19 12:53:26,918 - INFO - 📈 Round acabou: 2.68x — janela de aposta aberta!
2026-05-19 12:53:26,920 - INFO - 🧠 A apostar | cashout 1.20x | 0.0s gastos na decisão
2026-05-19 12:53:42,998 - INFO - 💰 GANHOU em 1.20x
2026-05-19 12:53:43,241 - INFO - 📈 Round acabou: 1.76x — janela de aposta aberta!
2026-05-19 12:53:43,244 - INFO - 🧠 A apostar | cashout 1.20x | 0.0s gastos na decisão
2026-05-19 12:54:05,226 - INFO - 💰 GANHOU em 1.28x
2026-05-19 12:54:05,464 - INFO - 📈 Round acabou: 1.15x — janela de aposta aberta!
2026-05-19 12:54:05,465 - INFO - 🧠 A apostar | cashout 3.00x | 0.0s gastos na decisão
2026-05-19 12:54:06,884 - WARNING - ⚠️ Falhou a apostar.
2026-05-19 12:54:09,139 - INFO - 📈 Round acabou: 1.66x — janela de aposta aberta!
2026-05-19 12:54:09,140 - INFO - 🧠 A apostar | cashout 3.00x | 0.0s gastos na decisão
2026-05-19 12:54:10,631 - WARNING - ⚠️ Falhou a apostar.
2026-05-19 12:54:20,531 - INFO - 
🛑 Robô encerrado manualmente.
2026-05-19 13:05:00,106 - INFO - 🚀 Robô Aviator iniciado...
2026-05-19 13:05:00,109 - INFO - 📂 Histórico: 200 entradas
2026-05-19 13:05:00,110 - INFO - ⏳ A captar lista inicial...
2026-05-19 13:05:00,404 - INFO - ✅ Sync: último round visível = 3.03x
2026-05-19 13:05:00,406 - INFO -    A aguardar próximo round acabar...
2026-05-19 13:05:12,781 - INFO - 📈 Round acabou: 5.35x — janela de aposta aberta!
2026-05-19 13:05:12,784 - INFO - 🧠 A apostar | cashout 1.20x | 0.0s na decisão
2026-05-19 13:05:23,394 - INFO - 💰 GANHOU em 1.23x
2026-05-19 13:05:32,002 - INFO - 📈 Round acabou: 16.35x — janela de aposta aberta!
2026-05-19 13:05:32,011 - INFO - 🧠 A apostar | cashout 1.20x | 0.0s na decisão
2026-05-19 13:05:43,464 - INFO - 💰 GANHOU em 1.20x
2026-05-19 13:05:43,724 - INFO - 📈 Round acabou: 2.53x — janela de aposta aberta!
2026-05-19 13:05:43,726 - INFO - 🧠 A apostar | cashout 1.20x | 0.0s na decisão
2026-05-19 13:05:45,155 - INFO - 💰 GANHOU em 1.40x
2026-05-19 13:06:47,473 - INFO - 📈 Round acabou: 5.35x — janela de aposta aberta!
2026-05-19 13:06:47,474 - INFO - 🧠 A apostar | cashout 1.20x | 0.0s na decisão
2026-05-19 13:06:48,419 - INFO - 💰 GANHOU em 248.48x
2026-05-19 13:06:48,656 - INFO - 📈 Round acabou: 244.48x — janela de aposta aberta!
2026-05-19 13:06:48,658 - INFO - 🧠 A apostar | cashout 1.20x | 0.0s na decisão
2026-05-19 13:06:49,287 - INFO - 💰 GANHOU em 248.48x
2026-05-19 13:07:11,001 - INFO - 📈 Round acabou: 1.02x — janela de aposta aberta!
2026-05-19 13:07:11,003 - INFO - 🧠 A apostar | cashout 1.20x | 0.0s na decisão
2026-05-19 13:07:21,690 - INFO - 💰 GANHOU em 1.20x
2026-05-19 13:07:25,250 - INFO - 📈 Round acabou: 171.02x — janela de aposta aberta!
2026-05-19 13:07:25,259 - INFO - 🧠 A apostar | cashout 1.20x | 0.0s na decisão
2026-05-19 13:07:47,404 - INFO - 💰 GANHOU em 1.20x
2026-05-19 13:07:47,648 - INFO - 📈 Round acabou: 1.17x — janela de aposta aberta!
2026-05-19 13:07:47,654 - INFO - 🧠 A apostar | cashout 1.20x | 0.0s na decisão
2026-05-19 13:07:52,859 - WARNING - ⚠️ Falhou a apostar.
2026-05-19 13:08:04,899 - INFO - 📈 Round acabou: 4.68x — janela de aposta aberta!
2026-05-19 13:08:04,900 - INFO - 🧠 A apostar | cashout 1.20x | 0.0s na decisão
2026-05-19 13:08:09,930 - WARNING - ⚠️ Falhou a apostar.
2026-05-19 13:08:13,915 - INFO - 📈 Round acabou: 1.01x — janela de aposta aberta!
2026-05-19 13:08:13,915 - INFO - 🧠 A apostar | cashout 1.20x | 0.0s na decisão
2026-05-19 13:08:34,938 - INFO - 💰 GANHOU em 1.23x
2026-05-19 13:08:35,197 - INFO - 📈 Round acabou: 1.07x — janela de aposta aberta!
2026-05-19 13:08:35,207 - INFO - 🧠 A apostar | cashout 3.00x | 0.0s na decisão
2026-05-19 13:08:40,415 - WARNING - ⚠️ Falhou a apostar.
2026-05-19 13:08:46,525 - INFO - 📈 Round acabou: 3.05x — janela de aposta aberta!
2026-05-19 13:08:46,527 - INFO - 🧠 A apostar | cashout 1.20x | 0.0s na decisão
2026-05-19 13:08:51,739 - WARNING - ⚠️ Falhou a apostar.
2026-05-19 13:08:56,318 - INFO - 📈 Round acabou: 1.02x — janela de aposta aberta!
2026-05-19 13:08:56,319 - INFO - 🧠 A apostar | cashout 1.20x | 0.0s na decisão
2026-05-19 13:09:07,141 - INFO - 💰 GANHOU em 1.23x
2026-05-19 13:09:07,398 - INFO - 📈 Round acabou: 71.02x — janela de aposta aberta!
2026-05-19 13:09:07,409 - INFO - 🧠 A apostar | cashout 1.20x | 0.0s na decisão
2026-05-19 13:09:08,566 - INFO - 💰 GANHOU em 1.38x
2026-05-19 13:09:08,816 - INFO - 📈 Round acabou: 1.02x — janela de aposta aberta!
2026-05-19 13:09:08,826 - INFO - 🧠 A apostar | cashout 1.20x | 0.0s na decisão
2026-05-19 13:09:10,251 - INFO - 💰 GANHOU em 1.59x
2026-05-19 13:09:10,498 - INFO - 📈 Round acabou: 71.02x — janela de aposta aberta!
2026-05-19 13:09:10,508 - INFO - 🧠 A apostar | cashout 1.20x | 0.0s na decisão
2026-05-19 13:09:11,926 - INFO - 💰 GANHOU em 1.83x
2026-05-19 13:09:18,130 - INFO - 📈 Round acabou: 1.02x — janela de aposta aberta!
2026-05-19 13:09:18,136 - INFO - 🧠 A apostar | cashout 1.20x | 0.0s na decisão
2026-05-19 13:09:30,055 - INFO - 💰 GANHOU em 1.26x
2026-05-19 13:09:30,313 - INFO - 📈 Round acabou: 3.06x — janela de aposta aberta!
2026-05-19 13:09:30,321 - INFO - 🧠 A apostar | cashout 1.20x | 0.0s na decisão
2026-05-19 13:09:34,774 - INFO - 💰 GANHOU em 1.86x
2026-05-19 13:09:38,905 - INFO - 
🛑 Robô encerrado manualmente.
